[debug] [2023-05-17T15:46:05.622Z] ----------------------------------------------------------------------
[debug] [2023-05-17T15:46:05.626Z] Command:       C:\Program Files\nodejs\node.exe C:\Users\prave\AppData\Roaming\npm\node_modules\firebase-tools\lib\bin\firebase.js init hosting
[debug] [2023-05-17T15:46:05.627Z] CLI Version:   12.0.1
[debug] [2023-05-17T15:46:05.627Z] Platform:      win32
[debug] [2023-05-17T15:46:05.628Z] Node Version:  v20.2.0
[debug] [2023-05-17T15:46:05.628Z] Time:          Wed May 17 2023 21:16:05 GMT+0530 (India Standard Time)
[debug] [2023-05-17T15:46:05.628Z] ----------------------------------------------------------------------
[debug] 
[debug] [2023-05-17T15:46:05.720Z] > command requires scopes: ["email","openid","https://www.googleapis.com/auth/cloudplatformprojects.readonly","https://www.googleapis.com/auth/firebase","https://www.googleapis.com/auth/cloud-platform"]
[debug] [2023-05-17T15:46:05.721Z] > authorizing via signed-in user (praveentp542@gmail.com)
[info] 
     ######## #### ########  ######## ########     ###     ######  ########
     ##        ##  ##     ## ##       ##     ##  ##   ##  ##       ##
     ######    ##  ########  ######   ########  #########  ######  ######
     ##        ##  ##    ##  ##       ##     ## ##     ##       ## ##
     ##       #### ##     ## ######## ########  ##     ##  ######  ########

You're about to initialize a Firebase project in this directory:

  C:\Users\prave\myprofile

Before we get started, keep in mind:

  * You are initializing within an existing Firebase project directory

[info] 
=== Project Setup
[info] 
[info] First, let's associate this project directory with a Firebase project.
[info] You can create multiple project aliases by running firebase use --add, 
[info] but for now we'll just set up a default project.
[info] 
[debug] [2023-05-17T15:46:10.597Z] Using project from CLI flag: akshayk-profile-4542c
[debug] [2023-05-17T15:46:10.600Z] >>> [apiv2][query] GET https://firebase.googleapis.com/v1beta1/projects/akshayk-profile-4542c [none]
[debug] [2023-05-17T15:46:11.197Z] <<< [apiv2][status] GET https://firebase.googleapis.com/v1beta1/projects/akshayk-profile-4542c 200
[debug] [2023-05-17T15:46:11.197Z] <<< [apiv2][body] GET https://firebase.googleapis.com/v1beta1/projects/akshayk-profile-4542c {"projectId":"akshayk-profile-4542c","projectNumber":"264410066920","displayName":"akshayk-profile","name":"projects/akshayk-profile-4542c","resources":{"hostingSite":"akshayk-profile-4542c"},"state":"ACTIVE","etag":"1_fc1152f4-196a-4a7b-b323-9860e786b832"}
[info] i  Using project akshayk-profile-4542c (akshayk-profile) 
[info] 
=== Hosting Setup
[info] 
[info] Your public directory is the folder (relative to your project directory) that
[info] will contain Hosting assets to be uploaded with firebase deploy. If you
[info] have a build process for your assets, use your build's output directory.
[info] 
[debug] [2023-05-17T15:46:18.927Z] >>> [apiv2][query] GET https://www.gstatic.com/firebasejs/releases.json [none]
[debug] [2023-05-17T15:46:19.024Z] <<< [apiv2][status] GET https://www.gstatic.com/firebasejs/releases.json 200
[debug] [2023-05-17T15:46:19.024Z] <<< [apiv2][body] GET https://www.gstatic.com/firebasejs/releases.json {"current":{"version":"9.22.0","browserURL":"https://www.gstatic.com/firebasejs/9.22.0/firebase.js","packageURL":"https://www.gstatic.com/firebasejs/9.22.0/firebase.tgz"},"live":{"version":"9.22","browserURL":"https://www.gstatic.com/firebasejs/live/9.22/firebase.js","packageURL":"https://www.gstatic.com/firebasejs/live/9.22/firebase.tgz"},"components":{"analytics":"https://www.gstatic.com/firebasejs/9.22.0/firebase-analytics.js","app":"https://www.gstatic.com/firebasejs/9.22.0/firebase-app.js","app-check":"https://www.gstatic.com/firebasejs/9.22.0/firebase-app-check.js","auth":"https://www.gstatic.com/firebasejs/9.22.0/firebase-auth.js","auth/cordova":"https://www.gstatic.com/firebasejs/9.22.0/firebase-auth/cordova.js","auth/react-native":"https://www.gstatic.com/firebasejs/9.22.0/firebase-auth/react-native.js","functions":"https://www.gstatic.com/firebasejs/9.22.0/firebase-functions.js","firestore":"https://www.gstatic.com/firebasejs/9.22.0/firebase-firestore.js","firestore/lite":"https://www.gstatic.com/firebasejs/9.22.0/firebase-firestore/lite.js","installations":"https://www.gstatic.com/firebasejs/9.22.0/firebase-installations.js","storage":"https://www.gstatic.com/firebasejs/9.22.0/firebase-storage.js","performance":"https://www.gstatic.com/firebasejs/9.22.0/firebase-performance.js","remote-config":"https://www.gstatic.com/firebasejs/9.22.0/firebase-remote-config.js","messaging":"https://www.gstatic.com/firebasejs/9.22.0/firebase-messaging.js","messaging/sw":"https://www.gstatic.com/firebasejs/9.22.0/firebase-messaging/sw.js","database":"https://www.gstatic.com/firebasejs/9.22.0/firebase-database.js","firestore.memory":"https://www.gstatic.com/firebasejs/9.22.0/firebase-firestore.memory.js"}}
[info] +  Wrote y/index.html 
[info] 
[info] i  Didn't detect a .git folder. Assuming C:\Users\prave\myprofile is the project root. 
[info] i  Authorizing with GitHub to upload your service account to a GitHub repository's secrets store. 
[info] 
[info] Visit this URL on this device to log in:
[info] https://github.com/login/oauth/authorize?client_id=89cf50f02ac6aaed3484&state=177480730&redirect_uri=http%3A%2F%2Flocalhost%3A9005&scope=read%3Auser%20repo%20public_repo
[info] 
[info] Waiting for authentication...
[debug] [2023-05-17T15:47:20.516Z] >>> [apiv2][query] POST https://github.com/login/oauth/access_token [none]
[debug] [2023-05-17T15:47:20.516Z] >>> [apiv2][body] POST https://github.com/login/oauth/access_token [stream]
[debug] [2023-05-17T15:47:20.949Z] <<< [apiv2][status] POST https://github.com/login/oauth/access_token 200
[debug] [2023-05-17T15:47:20.949Z] <<< [apiv2][body] POST https://github.com/login/oauth/access_token {"access_token":"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","token_type":"bearer","scope":"read:user,repo"}
[debug] [2023-05-17T15:47:20.958Z] >>> [apiv2][query] GET https://api.github.com/user [none]
[debug] [2023-05-17T15:47:21.374Z] <<< [apiv2][status] GET https://api.github.com/user 200
[debug] [2023-05-17T15:47:21.374Z] <<< [apiv2][body] GET https://api.github.com/user {"login":"Akshay12kavungal","id":107609828,"node_id":"U_kgDOBmn-5A","avatar_url":"https://avatars.githubusercontent.com/u/107609828?v=4","gravatar_id":"","url":"https://api.github.com/users/Akshay12kavungal","html_url":"https://github.com/Akshay12kavungal","followers_url":"https://api.github.com/users/Akshay12kavungal/followers","following_url":"https://api.github.com/users/Akshay12kavungal/following{/other_user}","gists_url":"https://api.github.com/users/Akshay12kavungal/gists{/gist_id}","starred_url":"https://api.github.com/users/Akshay12kavungal/starred{/owner}{/repo}","subscriptions_url":"https://api.github.com/users/Akshay12kavungal/subscriptions","organizations_url":"https://api.github.com/users/Akshay12kavungal/orgs","repos_url":"https://api.github.com/users/Akshay12kavungal/repos","events_url":"https://api.github.com/users/Akshay12kavungal/events{/privacy}","received_events_url":"https://api.github.com/users/Akshay12kavungal/received_events","type":"User","site_admin":false,"name":null,"company":null,"blog":"","location":null,"email":null,"hireable":null,"bio":null,"twitter_username":null,"public_repos":0,"public_gists":0,"followers":0,"following":0,"created_at":"2022-06-16T07:11:24Z","updated_at":"2023-05-16T12:17:21Z","private_gists":0,"total_private_repos":0,"owned_private_repos":0,"disk_usage":0,"collaborators":0,"two_factor_authentication":false,"plan":{"name":"free","space":976562499,"collaborators":0,"private_repos":10000}}
[info] 
[info] +  Success! Logged into GitHub as Akshay12kavungal 
[info] 
[debug] [2023-05-17T15:47:43.216Z] >>> [apiv2][query] GET https://api.github.com/repos/user/actions/secrets/public-key type=owner
[debug] [2023-05-17T15:47:43.608Z] <<< [apiv2][status] GET https://api.github.com/repos/user/actions/secrets/public-key 404
[debug] [2023-05-17T15:47:43.608Z] <<< [apiv2][body] GET https://api.github.com/repos/user/actions/secrets/public-key {"message":"Not Found","documentation_url":"https://docs.github.com/rest"}
[info] 
[info] 
[error] !  The provided authorization cannot be used with this repository. If this repository is in an organization, did you remember to grant access? 
[info] 
[info] i  Action required: Visit this URL to ensure access has been granted to the appropriate organization(s) for the Firebase CLI GitHub OAuth App: 
[info] https://github.com/settings/connections/applications/89cf50f02ac6aaed3484
[info] 
[debug] [2023-05-17T15:47:58.375Z] >>> [apiv2][query] GET https://api.github.com/repos/user/actions/secrets/public-key type=owner
[debug] [2023-05-17T15:47:58.726Z] <<< [apiv2][status] GET https://api.github.com/repos/user/actions/secrets/public-key 404
[debug] [2023-05-17T15:47:58.727Z] <<< [apiv2][body] GET https://api.github.com/repos/user/actions/secrets/public-key {"message":"Not Found","documentation_url":"https://docs.github.com/rest"}
[info] 
[info] 
[error] !  The provided authorization cannot be used with this repository. If this repository is in an organization, did you remember to grant access? 
[info] 
[info] i  Action required: Visit this URL to ensure access has been granted to the appropriate organization(s) for the Firebase CLI GitHub OAuth App: 
[info] https://github.com/settings/connections/applications/89cf50f02ac6aaed3484
[info] 
[debug] [2023-05-17T15:48:01.502Z] >>> [apiv2][query] GET https://api.github.com/repos//actions/secrets/public-key type=owner
[debug] [2023-05-17T15:48:01.773Z] <<< [apiv2][status] GET https://api.github.com/repos//actions/secrets/public-key 404
[debug] [2023-05-17T15:48:01.773Z] <<< [apiv2][body] GET https://api.github.com/repos//actions/secrets/public-key {"message":"Not Found","documentation_url":"https://docs.github.com/rest"}
[info] 
[info] 
[error] !  The provided authorization cannot be used with this repository. If this repository is in an organization, did you remember to grant access? 
[info] 
[info] i  Action required: Visit this URL to ensure access has been granted to the appropriate organization(s) for the Firebase CLI GitHub OAuth App: 
[info] https://github.com/settings/connections/applications/89cf50f02ac6aaed3484
[info] 
